{
  "RSpec": {
    "coverage": {
      "/Users/pablo/Desktop/Makers/battle-lucas-pablo/spec/features/attack_spec.rb": [
        1,
        1,
        1,
        1,
        1,
        1,
        null,
        null
      ],
      "/Users/pablo/Desktop/Makers/battle-lucas-pablo/spec/features/enter_names_spec.rb": [
        1,
        1,
        1,
        1,
        null,
        null,
        1,
        1,
        1,
        null,
        null,
        1,
        1,
        1,
        null,
        null,
        1,
        1,
        1,
        1,
        null,
        null,
        null,
        null
      ],
      "/Users/pablo/Desktop/Makers/battle-lucas-pablo/spec/features/switch_turns_spec.rb": [
        1,
        null,
        1,
        null,
        1,
        1,
        1,
        1,
        1,
        1,
        null,
        null,
        1,
        1,
        1,
        1,
        1,
        1,
        1,
        1,
        null,
        null
      ],
      "/Users/pablo/Desktop/Makers/battle-lucas-pablo/spec/game_spec.rb": [
        1,
        1,
        null,
        5,
        5,
        4,
        1,
        1,
        1,
        null,
        null,
        1,
        1,
        1,
        null,
        null,
        1,
        1,
        1,
        null,
        null,
        1,
        1,
        1,
        0,
        0,
        null,
        null,
        null,
        null
      ],
      "/Users/pablo/Desktop/Makers/battle-lucas-pablo/spec/player_spec.rb": [
        1,
        null,
        1,
        3,
        2,
        null,
        1,
        1,
        null,
        null,
        1,
        4,
        null,
        null
      ]
    },
    "timestamp": 1508102991
  }
}
