{
  "RSpec": {
    "coverage": {
      "/Users/lucas/Dropbox/Coding/Projects/battle/spec/features/enter_names_spec.rb": [
        1,
        1,
        1,
        1,
        null,
        null,
        1,
        1,
        1,
        null,
        null,
        1,
        1,
        1,
        null,
        null,
        1,
        1,
        1,
        1,
        null,
        null
      ],
      "/Users/lucas/Dropbox/Coding/Projects/battle/spec/player_spec.rb": [
        1,
        null,
        1,
        3,
        2,
        null,
        1,
        1,
        null,
        null,
        1,
        4,
        null,
        null
      ]
    },
    "timestamp": 1507821629
  }
}
